<?xml version="1.0" encoding="UTF-8"?>
<!-- Generated by org.testng.reporters.JUnitXMLReporter -->
<testsuite hostname="DESKTOP-38IQFP3" ignored="0" name="Default test" tests="11" failures="0" timestamp="20 Dec 2018 14:18:34 GMT" time="13.094" errors="0">
  <testcase name="TC007_load_user_profile" time="3.393" classname="com.test.automation.PlaypalApi.service.UserProfile"/>
  <testcase name="TC007_update_user_allergies" time="0.635" classname="com.test.automation.PlaypalApi.service.UserProfile"/>
  <testcase name="TC008_load_user_allergies" time="1.147" classname="com.test.automation.PlaypalApi.service.UserProfile"/>
  <testcase name="TC008_load_user_diseases" time="0.543" classname="com.test.automation.PlaypalApi.service.UserProfile"/>
  <testcase name="TC008_load_user_family_diseases" time="0.544" classname="com.test.automation.PlaypalApi.service.UserProfile"/>
  <testcase name="get_ethnicities" time="1.081" classname="com.test.automation.PlaypalApi.service.UserProfile"/>
  <testcase name="get_medication_types" time="1.027" classname="com.test.automation.PlaypalApi.service.UserProfile"/>
  <testcase name="get_medications" time="1.292" classname="com.test.automation.PlaypalApi.service.UserProfile"/>
  <testcase name="update_user_diseases" time="1.146" classname="com.test.automation.PlaypalApi.service.UserProfile"/>
  <testcase name="update_user_family_diseases" time="1.12" classname="com.test.automation.PlaypalApi.service.UserProfile"/>
  <testcase name="update_user_medications" time="1.108" classname="com.test.automation.PlaypalApi.service.UserProfile"/>
</testsuite> <!-- Default test -->
