<?xml version="1.0" encoding="UTF-8"?>
<!-- Generated by org.testng.reporters.JUnitXMLReporter -->
<testsuite hostname="DESKTOP-38IQFP3" ignored="0" name="Test_onboarding" tests="2" failures="0" timestamp="24 Dec 2018 09:58:17 GMT" time="4.542" errors="0">
  <testcase name="TC001_authentication" time="3.309" classname="com.test.automation.PlaypalApi.service.Onboarding"/>
  <testcase name="TC006_listAllUsers" time="1.21" classname="com.test.automation.PlaypalApi.service.Onboarding"/>
</testsuite> <!-- Test_onboarding -->
