<?xml version="1.0" encoding="UTF-8"?>
<!-- Generated by org.testng.reporters.JUnitXMLReporter -->
<testsuite hostname="DESKTOP-38IQFP3" ignored="0" name="userProfile" tests="11" failures="0" timestamp="24 Dec 2018 09:58:28 GMT" time="11.54" errors="0">
  <testcase name="TC007_load_user_profile" time="0.627" classname="com.test.automation.PlaypalApi.service.UserProfile"/>
  <testcase name="TC007_update_user_allergies" time="0.715" classname="com.test.automation.PlaypalApi.service.UserProfile"/>
  <testcase name="TC008_load_user_allergies" time="1.172" classname="com.test.automation.PlaypalApi.service.UserProfile"/>
  <testcase name="TC008_load_user_diseases" time="0.569" classname="com.test.automation.PlaypalApi.service.UserProfile"/>
  <testcase name="TC008_load_user_family_diseases" time="0.539" classname="com.test.automation.PlaypalApi.service.UserProfile"/>
  <testcase name="get_ethnicities" time="1.114" classname="com.test.automation.PlaypalApi.service.UserProfile"/>
  <testcase name="get_medication_types" time="1.026" classname="com.test.automation.PlaypalApi.service.UserProfile"/>
  <testcase name="get_medications" time="2.172" classname="com.test.automation.PlaypalApi.service.UserProfile"/>
  <testcase name="update_user_diseases" time="1.217" classname="com.test.automation.PlaypalApi.service.UserProfile"/>
  <testcase name="update_user_family_diseases" time="1.157" classname="com.test.automation.PlaypalApi.service.UserProfile"/>
  <testcase name="update_user_medications" time="1.166" classname="com.test.automation.PlaypalApi.service.UserProfile"/>
</testsuite> <!-- userProfile -->
